This file contains any messages produced by compilers while
running configure, to aid debugging if configure makes a mistake.

configure:732: checking for a BSD compatible install
configure:785: checking whether build environment is sane
configure:842: checking whether make sets ${MAKE}
configure:888: checking for working aclocal
configure:901: checking for working autoconf
configure:914: checking for working automake
configure:927: checking for working autoheader
configure:940: checking for working makeinfo
configure:996: checking for gcc
configure:1109: checking whether the C compiler (gcc  ) works
configure:1125: gcc -o conftest    conftest.c  1>&5
configure:1151: checking whether the C compiler (gcc  ) is a cross-compiler
configure:1156: checking whether we are using GNU C
configure:1184: checking whether gcc accepts -g
configure:1227: checking for a BSD compatible install
configure:1280: checking for Cygwin environment
configure:1313: checking for mingw32 environment
configure:1342: checking how to run the C preprocessor
configure:1474: checking host system type
configure:1495: checking build system type
configure:1524: checking for ld used by GCC
configure:1592: checking if the linker (/usr/bin/ld) is GNU ld
configure:1609: checking for /usr/bin/ld option to reload object files
configure:1621: checking for BSD-compatible nm
configure:1659: checking whether ln -s works
configure:1680: checking how to recognise dependant libraries
configure:1863: checking for object suffix
configure:1889: checking for executable suffix
configure:1930: checking command to parse /usr/bin/nm -B output
configure:2113: checking for dlfcn.h
configure:2291: checking for ranlib
configure:2358: checking for strip
configure:2601: checking for objdir
configure:2628: checking for gcc option to produce PIC
configure:2780: checking if gcc PIC flag  -fPIC works
configure:2846: checking if gcc static flag -static works
configure:2888: checking if gcc supports -c -o file.o
configure:2936: checking if gcc supports -c -o file.lo
configure:3004: checking if gcc supports -fno-rtti -fno-exceptions
configure:3017: gcc -c -g -O2 -fno-rtti -fno-exceptions -c conftest.c  conftest.c 1>&5
cc1: warning: command line option "-fno-rtti" is valid for C++/ObjC++ but not for C
cc1: warning: command line option "-fno-rtti" is valid for C++/ObjC++ but not for C
configure:3044: checking whether the linker (/usr/bin/ld) supports shared libraries
configure:3700: checking how to hardcode library paths into programs
configure:3728: checking whether stripping libraries is possible
configure:3742: checking dynamic linker characteristics
configure:4139: checking if libtool supports shared libraries
configure:4143: checking whether to build shared libraries
configure:4166: checking whether to build static libraries
configure:5306: checking for ANSI C header files
configure:5413: checking for limits.h
configure:5452: checking for working const
configure:5527: checking for size_t
configure:5564: checking for bcopy
configure:5564: checking for memmove
configure:5564: checking for strerror
